<?xml version="1.0" encoding="UTF-8" standalone="yes"?>
<Entities TotalResults="1"><Entity Type="test-set-folder"><Fields><Field Name="id"><Value>50</Value></Field><Field Name="no-of-sons"/><Field Name="ver-stamp"><Value>1</Value></Field><Field Name="parent-id"><Value>0</Value></Field><Field Name="assign-rcyc"><Value ReferenceValue="WTS/Citrix buttons, + Russia Pr,Bug fixes & Unitek Customer and Product subsets">1031</Value></Field><Field Name="last-modified"><Value>2016-04-20 02:58:47</Value></Field><Field Name="hierarchical-path"><Value>AAAABT</Value></Field><Field Name="description"><Value/></Field><Field Name="view-order"/><Field Name="name"><Value>CFR 8.12</Value></Field><Field Name="attachment"><Value/></Field><Field Name="workflow"><Value/></Field></Fields><RelatedEntities/></Entity></Entities>
